<?xml version="1.0" encoding="UTF-8"?>
<testsuites name="Mocha Tests" time="3.7980" tests="4" failures="0">
  <testsuite name="Root Suite" timestamp="2021-02-09T21:29:20" tests="0" file="cypress\integration\users.feature" time="0.0000" failures="0">
  </testsuite>
  <testsuite name="Users" timestamp="2021-02-09T21:29:20" tests="4" time="3.7980" failures="0">
    <testcase name="Users Consult Users" time="2.1830" classname="Consult Users">
    </testcase>
    <testcase name="Users Consult user if data blanck" time="0.4290" classname="Consult user if data blanck">
    </testcase>
    <testcase name="Users Includ a user" time="0.4090" classname="Includ a user">
    </testcase>
    <testcase name="Users Delete a user" time="0.7770" classname="Delete a user">
    </testcase>
  </testsuite>
</testsuites>